Thu Jan  5 17:21:10 2023
******************** Training ********************
TASK: CoLA
MODEL: bert-base-uncased
================ General Training ================
SEED: 42
EPOCHS: 20
BATCH_SIZE: 64
OPTIMIZER: Adam
LR_SCHEDULER: linear
WARM_UP_RATIO: 0.1
================== MAT Training ==================
ADV_INIT_TYPE: randn
ADV_INIT_EPSILON: 1e-05
ADV_MAX_NORM: 1e-05
SAMPLING_TIMES_THETA: 10
SAMPLING_TIMES_DELTA: 5
SAMPLING_STEP_THETA: 1e-05
SAMPLING_STEP_DELTA: 0.001
SAMPLING_NOISE_RATIO: 0.2
LAMBDA: 3.0
BETA_S: 0.3
BETA_P: 0.3
EVAL_TIMES: 5
**************************************************
-------------------- EPOCH: 1 --------------------
Iteration: 26 Metric: {'matthews_correlation': 0.0}
--------------------------------------------------
Iteration: 52 Metric: {'matthews_correlation': 0.0}
--------------------------------------------------
Iteration: 78 Metric: {'matthews_correlation': 0.06558874629318973}
--------------------------------------------------
Iteration: 104 Metric: {'matthews_correlation': 0.3437158362945317}
--------------------------------------------------
Iteration: 130 Metric: {'matthews_correlation': 0.35896934622986604}
--------------------------------------------------
-------------------- EPOCH: 2 --------------------
Iteration: 156 Metric: {'matthews_correlation': 0.49097389948061887}
--------------------------------------------------
Iteration: 182 Metric: {'matthews_correlation': 0.4606594226608395}
--------------------------------------------------
Iteration: 208 Metric: {'matthews_correlation': 0.5371144940683376}
--------------------------------------------------
Iteration: 234 Metric: {'matthews_correlation': 0.5556681072632618}
--------------------------------------------------
Iteration: 260 Metric: {'matthews_correlation': 0.5582461120366569}
--------------------------------------------------
-------------------- EPOCH: 3 --------------------
Iteration: 286 Metric: {'matthews_correlation': 0.5502911396062787}
--------------------------------------------------
Iteration: 312 Metric: {'matthews_correlation': 0.5886969865896993}
--------------------------------------------------
Iteration: 338 Metric: {'matthews_correlation': 0.605712540622093}
--------------------------------------------------
Iteration: 364 Metric: {'matthews_correlation': 0.5650459791482846}
--------------------------------------------------
Iteration: 390 Metric: {'matthews_correlation': 0.6256673855627156}
--------------------------------------------------
-------------------- EPOCH: 4 --------------------
Iteration: 416 Metric: {'matthews_correlation': 0.5908413057707468}
--------------------------------------------------
Iteration: 442 Metric: {'matthews_correlation': 0.6059691562850315}
--------------------------------------------------
Iteration: 468 Metric: {'matthews_correlation': 0.5538528183427729}
--------------------------------------------------
Iteration: 494 Metric: {'matthews_correlation': 0.5753011877541249}
--------------------------------------------------
Iteration: 520 Metric: {'matthews_correlation': 0.5832008422729765}
--------------------------------------------------
-------------------- EPOCH: 5 --------------------
Iteration: 546 Metric: {'matthews_correlation': 0.5805514135255713}
--------------------------------------------------
Iteration: 572 Metric: {'matthews_correlation': 0.5301189677316009}
--------------------------------------------------
Iteration: 598 Metric: {'matthews_correlation': 0.6009835084035468}
--------------------------------------------------
Iteration: 624 Metric: {'matthews_correlation': 0.5855361143791362}
--------------------------------------------------
Iteration: 650 Metric: {'matthews_correlation': 0.5701384924726818}
--------------------------------------------------
-------------------- EPOCH: 6 --------------------
Iteration: 676 Metric: {'matthews_correlation': 0.5858225479416943}
--------------------------------------------------
Iteration: 702 Metric: {'matthews_correlation': 0.6036344190543846}
--------------------------------------------------
Iteration: 728 Metric: {'matthews_correlation': 0.5994237360829193}
--------------------------------------------------
Iteration: 754 Metric: {'matthews_correlation': 0.5882384992866722}
--------------------------------------------------
Iteration: 780 Metric: {'matthews_correlation': 0.6039307167689609}
--------------------------------------------------
-------------------- EPOCH: 7 --------------------
Iteration: 806 Metric: {'matthews_correlation': 0.6007916142827379}
--------------------------------------------------
Iteration: 832 Metric: {'matthews_correlation': 0.5875952430434519}
--------------------------------------------------
Iteration: 858 Metric: {'matthews_correlation': 0.59561622728651}
--------------------------------------------------
Iteration: 884 Metric: {'matthews_correlation': 0.5703223353398024}
--------------------------------------------------
Iteration: 910 Metric: {'matthews_correlation': 0.5956649094312695}
--------------------------------------------------
Iteration: 936 Metric: {'matthews_correlation': 0.6007221525351318}
--------------------------------------------------
-------------------- EPOCH: 8 --------------------
Iteration: 962 Metric: {'matthews_correlation': 0.5829211024374039}
--------------------------------------------------
Iteration: 988 Metric: {'matthews_correlation': 0.5936351080219947}
--------------------------------------------------
Iteration: 1014 Metric: {'matthews_correlation': 0.572700939299986}
--------------------------------------------------
Iteration: 1040 Metric: {'matthews_correlation': 0.5803968070604221}
--------------------------------------------------
Iteration: 1066 Metric: {'matthews_correlation': 0.5806473000395166}
--------------------------------------------------
-------------------- EPOCH: 9 --------------------
Iteration: 1092 Metric: {'matthews_correlation': 0.5966820103744048}
--------------------------------------------------
Iteration: 1118 Metric: {'matthews_correlation': 0.5778111402851518}
--------------------------------------------------
Iteration: 1144 Metric: {'matthews_correlation': 0.5833150512387887}
--------------------------------------------------
Iteration: 1170 Metric: {'matthews_correlation': 0.5808907008648269}
--------------------------------------------------
Iteration: 1196 Metric: {'matthews_correlation': 0.5854359148233064}
--------------------------------------------------
-------------------- EPOCH: 10 --------------------
Iteration: 1222 Metric: {'matthews_correlation': 0.5701365244041533}
--------------------------------------------------
Iteration: 1248 Metric: {'matthews_correlation': 0.5657894359264041}
--------------------------------------------------
Iteration: 1274 Metric: {'matthews_correlation': 0.5600481335616141}
--------------------------------------------------
Iteration: 1300 Metric: {'matthews_correlation': 0.5650459791482846}
--------------------------------------------------
Iteration: 1326 Metric: {'matthews_correlation': 0.5803487303998695}
--------------------------------------------------
-------------------- EPOCH: 11 --------------------
Iteration: 1352 Metric: {'matthews_correlation': 0.5778482239390005}
--------------------------------------------------
Iteration: 1378 Metric: {'matthews_correlation': 0.5829211024374039}
--------------------------------------------------
Iteration: 1404 Metric: {'matthews_correlation': 0.5779057511117575}
--------------------------------------------------
Iteration: 1430 Metric: {'matthews_correlation': 0.5778184033685675}
--------------------------------------------------
Iteration: 1456 Metric: {'matthews_correlation': 0.5548848010257114}
--------------------------------------------------
-------------------- EPOCH: 12 --------------------
Iteration: 1482 Metric: {'matthews_correlation': 0.5649812173768567}
--------------------------------------------------
Iteration: 1508 Metric: {'matthews_correlation': 0.5806473000395166}
--------------------------------------------------
Iteration: 1534 Metric: {'matthews_correlation': 0.6134818519595254}
--------------------------------------------------
Iteration: 1560 Metric: {'matthews_correlation': 0.5880199146512337}
--------------------------------------------------
Iteration: 1586 Metric: {'matthews_correlation': 0.5754342635449895}
--------------------------------------------------
-------------------- EPOCH: 13 --------------------
Iteration: 1612 Metric: {'matthews_correlation': 0.5880094937717885}
--------------------------------------------------
Iteration: 1638 Metric: {'matthews_correlation': 0.5779057511117575}
--------------------------------------------------
Iteration: 1664 Metric: {'matthews_correlation': 0.5984412364639732}
--------------------------------------------------
Iteration: 1690 Metric: {'matthews_correlation': 0.5985712474615869}
--------------------------------------------------
Iteration: 1716 Metric: {'matthews_correlation': 0.6035894895952164}
--------------------------------------------------
-------------------- EPOCH: 14 --------------------
Iteration: 1742 Metric: {'matthews_correlation': 0.5982457511688614}
--------------------------------------------------
Iteration: 1768 Metric: {'matthews_correlation': 0.6009540363352786}
--------------------------------------------------
Iteration: 1794 Metric: {'matthews_correlation': 0.6009835084035468}
--------------------------------------------------
Iteration: 1820 Metric: {'matthews_correlation': 0.6113480644070322}
--------------------------------------------------
Iteration: 1846 Metric: {'matthews_correlation': 0.6106825188230223}
--------------------------------------------------
Iteration: 1872 Metric: {'matthews_correlation': 0.6013991943475097}
--------------------------------------------------
-------------------- EPOCH: 15 --------------------
Iteration: 1898 Metric: {'matthews_correlation': 0.598349211554662}
--------------------------------------------------
Iteration: 1924 Metric: {'matthews_correlation': 0.5983328874760194}
--------------------------------------------------
Iteration: 1950 Metric: {'matthews_correlation': 0.6056766490257713}
--------------------------------------------------
Iteration: 1976 Metric: {'matthews_correlation': 0.6056612573992737}
--------------------------------------------------
Iteration: 2002 Metric: {'matthews_correlation': 0.5981333967857257}
--------------------------------------------------
-------------------- EPOCH: 16 --------------------
Iteration: 2028 Metric: {'matthews_correlation': 0.5830721251992148}
--------------------------------------------------
Iteration: 2054 Metric: {'matthews_correlation': 0.5879831868448624}
--------------------------------------------------
Iteration: 2080 Metric: {'matthews_correlation': 0.6006378318734895}
--------------------------------------------------
Iteration: 2106 Metric: {'matthews_correlation': 0.5805300925831498}
--------------------------------------------------
Iteration: 2132 Metric: {'matthews_correlation': 0.6057667685387335}
--------------------------------------------------
-------------------- EPOCH: 17 --------------------
Iteration: 2158 Metric: {'matthews_correlation': 0.5932024506783026}
--------------------------------------------------
Iteration: 2184 Metric: {'matthews_correlation': 0.5835913370480271}
--------------------------------------------------
Iteration: 2210 Metric: {'matthews_correlation': 0.5832874600021861}
--------------------------------------------------
Iteration: 2236 Metric: {'matthews_correlation': 0.5858225479416943}
--------------------------------------------------
Iteration: 2262 Metric: {'matthews_correlation': 0.5983328874760194}
--------------------------------------------------
-------------------- EPOCH: 18 --------------------
Iteration: 2288 Metric: {'matthews_correlation': 0.5958147290165645}
--------------------------------------------------
Iteration: 2314 Metric: {'matthews_correlation': 0.5883537726521672}
--------------------------------------------------
Iteration: 2340 Metric: {'matthews_correlation': 0.6009540363352786}
--------------------------------------------------
Iteration: 2366 Metric: {'matthews_correlation': 0.5932024506783026}
--------------------------------------------------
Iteration: 2392 Metric: {'matthews_correlation': 0.5982457511688614}
--------------------------------------------------
-------------------- EPOCH: 19 --------------------
Iteration: 2418 Metric: {'matthews_correlation': 0.605784652517054}
--------------------------------------------------
Iteration: 2444 Metric: {'matthews_correlation': 0.5958147290165645}
--------------------------------------------------
Iteration: 2470 Metric: {'matthews_correlation': 0.6032750847516872}
--------------------------------------------------
Iteration: 2496 Metric: {'matthews_correlation': 0.5907675928559818}
--------------------------------------------------
Iteration: 2522 Metric: {'matthews_correlation': 0.5907675928559818}
--------------------------------------------------
-------------------- EPOCH: 20 --------------------
Iteration: 2548 Metric: {'matthews_correlation': 0.5907675928559818}
--------------------------------------------------
Iteration: 2574 Metric: {'matthews_correlation': 0.5907675928559818}
--------------------------------------------------
Iteration: 2600 Metric: {'matthews_correlation': 0.5932929833327301}
--------------------------------------------------
Iteration: 2626 Metric: {'matthews_correlation': 0.5932929833327301}
--------------------------------------------------
Iteration: 2652 Metric: {'matthews_correlation': 0.5932929833327301}
--------------------------------------------------
Iteration: 2678 Metric: {'matthews_correlation': 0.5934048733741295}
--------------------------------------------------
******************* Best Score *******************
Best Metric: {'matthews_correlation': 0.6256673855627156}
**************************************************
