Tue Jan  3 11:53:39 2023
******************** Training ********************
TASK: QNLI
MODEL: bert-base-uncased
================ General Training ================
SEED: 42
EPOCHS: 3
BATCH_SIZE: 8
OPTIMIZER: Adam
LR_SCHEDULER: linear
WARM_UP_RATIO: 0.1
================== MAT Training ==================
ADV_INIT_TYPE: randn
ADV_INIT_EPSILON: 1e-05
ADV_MAX_NORM: 1e-05
SAMPLING_TIMES_THETA: 10
SAMPLING_TIMES_DELTA: 5
SAMPLING_STEP_THETA: 1e-05
SAMPLING_STEP_DELTA: 0.001
SAMPLING_NOISE_RATIO: 0.2
LAMBDA: 1.0
BETA_S: 0.3
BETA_P: 0.3
EVAL_TIMES: 50
**************************************************
-------------------- EPOCH: 1 --------------------
Iteration: 261 Metric: {'accuracy': 0.695405454878272}
--------------------------------------------------
Iteration: 522 Metric: {'accuracy': 0.776862529745561}
--------------------------------------------------
Iteration: 783 Metric: {'accuracy': 0.832875709317225}
--------------------------------------------------
Iteration: 1044 Metric: {'accuracy': 0.8462383305875892}
--------------------------------------------------
Iteration: 1305 Metric: {'accuracy': 0.8504484715357862}
--------------------------------------------------
Iteration: 1566 Metric: {'accuracy': 0.8405637927878455}
--------------------------------------------------
Iteration: 1827 Metric: {'accuracy': 0.8725974739154311}
--------------------------------------------------
Iteration: 2088 Metric: {'accuracy': 0.8733296723412045}
--------------------------------------------------
Iteration: 2349 Metric: {'accuracy': 0.871499176276771}
--------------------------------------------------
Iteration: 2610 Metric: {'accuracy': 0.8753432180120813}
--------------------------------------------------
Iteration: 2871 Metric: {'accuracy': 0.8780889621087314}
--------------------------------------------------
Iteration: 3132 Metric: {'accuracy': 0.8788211605345049}
--------------------------------------------------
Iteration: 3393 Metric: {'accuracy': 0.8819330038440417}
--------------------------------------------------
Iteration: 3654 Metric: {'accuracy': 0.8740618707669778}
--------------------------------------------------
Iteration: 3915 Metric: {'accuracy': 0.8813838550247117}
--------------------------------------------------
Iteration: 4176 Metric: {'accuracy': 0.8879736408566722}
--------------------------------------------------
Iteration: 4437 Metric: {'accuracy': 0.8815669046311551}
--------------------------------------------------
Iteration: 4698 Metric: {'accuracy': 0.8837634999084752}
--------------------------------------------------
Iteration: 4959 Metric: {'accuracy': 0.8835804503020318}
--------------------------------------------------
Iteration: 5220 Metric: {'accuracy': 0.8716822258832143}
--------------------------------------------------
Iteration: 5481 Metric: {'accuracy': 0.886326194398682}
--------------------------------------------------
Iteration: 5742 Metric: {'accuracy': 0.8758923668314114}
--------------------------------------------------
Iteration: 6003 Metric: {'accuracy': 0.8846787479406919}
--------------------------------------------------
Iteration: 6264 Metric: {'accuracy': 0.885227896760022}
--------------------------------------------------
Iteration: 6525 Metric: {'accuracy': 0.8735127219476478}
--------------------------------------------------
Iteration: 6786 Metric: {'accuracy': 0.8989566172432729}
--------------------------------------------------
Iteration: 7047 Metric: {'accuracy': 0.8949295259015193}
--------------------------------------------------
Iteration: 7308 Metric: {'accuracy': 0.8903532857404357}
--------------------------------------------------
Iteration: 7569 Metric: {'accuracy': 0.8965769723595094}
--------------------------------------------------
Iteration: 7830 Metric: {'accuracy': 0.8647263408383672}
--------------------------------------------------
Iteration: 8091 Metric: {'accuracy': 0.8938312282628592}
--------------------------------------------------
Iteration: 8352 Metric: {'accuracy': 0.9022515101592532}
--------------------------------------------------
Iteration: 8613 Metric: {'accuracy': 0.8985905180303863}
--------------------------------------------------
Iteration: 8874 Metric: {'accuracy': 0.8833974006955885}
--------------------------------------------------
Iteration: 9135 Metric: {'accuracy': 0.8916346329855391}
--------------------------------------------------
Iteration: 9396 Metric: {'accuracy': 0.8859600951857953}
--------------------------------------------------
Iteration: 9657 Metric: {'accuracy': 0.8940142778693025}
--------------------------------------------------
Iteration: 9918 Metric: {'accuracy': 0.9009701629141498}
--------------------------------------------------
Iteration: 10179 Metric: {'accuracy': 0.8989566172432729}
--------------------------------------------------
Iteration: 10440 Metric: {'accuracy': 0.8874244920373421}
--------------------------------------------------
Iteration: 10701 Metric: {'accuracy': 0.900604063701263}
--------------------------------------------------
Iteration: 10962 Metric: {'accuracy': 0.8954786747208493}
--------------------------------------------------
Iteration: 11223 Metric: {'accuracy': 0.8872414424308988}
--------------------------------------------------
Iteration: 11484 Metric: {'accuracy': 0.8859600951857953}
--------------------------------------------------
Iteration: 11745 Metric: {'accuracy': 0.8973091707852828}
--------------------------------------------------
Iteration: 12006 Metric: {'accuracy': 0.895295625114406}
--------------------------------------------------
Iteration: 12267 Metric: {'accuracy': 0.9024345597656965}
--------------------------------------------------
Iteration: 12528 Metric: {'accuracy': 0.8936481786564159}
--------------------------------------------------
Iteration: 12789 Metric: {'accuracy': 0.9035328574043566}
--------------------------------------------------
Iteration: 13050 Metric: {'accuracy': 0.9007871133077063}
--------------------------------------------------
-------------------- EPOCH: 2 --------------------
Iteration: 13311 Metric: {'accuracy': 0.9077429983525536}
--------------------------------------------------
Iteration: 13572 Metric: {'accuracy': 0.9064616511074501}
--------------------------------------------------
Iteration: 13833 Metric: {'accuracy': 0.9060955518945635}
--------------------------------------------------
Iteration: 14094 Metric: {'accuracy': 0.9117700896943072}
--------------------------------------------------
Iteration: 14355 Metric: {'accuracy': 0.9104887424492037}
--------------------------------------------------
Iteration: 14616 Metric: {'accuracy': 0.9108548416620904}
--------------------------------------------------
Iteration: 14877 Metric: {'accuracy': 0.8996888156690463}
--------------------------------------------------
Iteration: 15138 Metric: {'accuracy': 0.9081090975654402}
--------------------------------------------------
Iteration: 15399 Metric: {'accuracy': 0.9086582463847702}
--------------------------------------------------
Iteration: 15660 Metric: {'accuracy': 0.90536335346879}
--------------------------------------------------
Iteration: 15921 Metric: {'accuracy': 0.9104887424492037}
--------------------------------------------------
Iteration: 16182 Metric: {'accuracy': 0.9103056928427604}
--------------------------------------------------
Iteration: 16443 Metric: {'accuracy': 0.9156141314296175}
--------------------------------------------------
Iteration: 16704 Metric: {'accuracy': 0.9145158337909574}
--------------------------------------------------
Iteration: 16965 Metric: {'accuracy': 0.9103056928427604}
--------------------------------------------------
Iteration: 17226 Metric: {'accuracy': 0.9106717920556471}
--------------------------------------------------
Iteration: 17487 Metric: {'accuracy': 0.9093904448105437}
--------------------------------------------------
Iteration: 17748 Metric: {'accuracy': 0.9088412959912137}
--------------------------------------------------
Iteration: 18009 Metric: {'accuracy': 0.9081090975654402}
--------------------------------------------------
Iteration: 18270 Metric: {'accuracy': 0.9108548416620904}
--------------------------------------------------
Iteration: 18531 Metric: {'accuracy': 0.9049972542559034}
--------------------------------------------------
Iteration: 18792 Metric: {'accuracy': 0.9139666849716274}
--------------------------------------------------
Iteration: 19053 Metric: {'accuracy': 0.9097565440234303}
--------------------------------------------------
Iteration: 19314 Metric: {'accuracy': 0.9071938495332235}
--------------------------------------------------
Iteration: 19575 Metric: {'accuracy': 0.9150649826102873}
--------------------------------------------------
Iteration: 19836 Metric: {'accuracy': 0.9044481054365733}
--------------------------------------------------
Iteration: 20097 Metric: {'accuracy': 0.9086582463847702}
--------------------------------------------------
Iteration: 20358 Metric: {'accuracy': 0.9121361889071938}
--------------------------------------------------
Iteration: 20619 Metric: {'accuracy': 0.9103056928427604}
--------------------------------------------------
Iteration: 20880 Metric: {'accuracy': 0.9092073952041003}
--------------------------------------------------
Iteration: 21141 Metric: {'accuracy': 0.9082921471718836}
--------------------------------------------------
Iteration: 21402 Metric: {'accuracy': 0.9101226432363171}
--------------------------------------------------
Iteration: 21663 Metric: {'accuracy': 0.9139666849716274}
--------------------------------------------------
Iteration: 21924 Metric: {'accuracy': 0.9104887424492037}
--------------------------------------------------
Iteration: 22185 Metric: {'accuracy': 0.9165293794618341}
--------------------------------------------------
Iteration: 22446 Metric: {'accuracy': 0.9152480322167308}
--------------------------------------------------
Iteration: 22707 Metric: {'accuracy': 0.9139666849716274}
--------------------------------------------------
Iteration: 22968 Metric: {'accuracy': 0.914332784184514}
--------------------------------------------------
Iteration: 23229 Metric: {'accuracy': 0.9161632802489474}
--------------------------------------------------
Iteration: 23490 Metric: {'accuracy': 0.9161632802489474}
--------------------------------------------------
Iteration: 23751 Metric: {'accuracy': 0.9178107267069375}
--------------------------------------------------
Iteration: 24012 Metric: {'accuracy': 0.9176276771004942}
--------------------------------------------------
Iteration: 24273 Metric: {'accuracy': 0.9196412227713711}
--------------------------------------------------
Iteration: 24534 Metric: {'accuracy': 0.9174446274940509}
--------------------------------------------------
Iteration: 24795 Metric: {'accuracy': 0.9136005857587406}
--------------------------------------------------
Iteration: 25056 Metric: {'accuracy': 0.9187259747391543}
--------------------------------------------------
Iteration: 25317 Metric: {'accuracy': 0.9189090243455976}
--------------------------------------------------
Iteration: 25578 Metric: {'accuracy': 0.9192751235584844}
--------------------------------------------------
Iteration: 25839 Metric: {'accuracy': 0.9152480322167308}
--------------------------------------------------
Iteration: 26100 Metric: {'accuracy': 0.9189090243455976}
--------------------------------------------------
-------------------- EPOCH: 3 --------------------
Iteration: 26361 Metric: {'accuracy': 0.9157971810360608}
--------------------------------------------------
Iteration: 26622 Metric: {'accuracy': 0.9176276771004942}
--------------------------------------------------
Iteration: 26883 Metric: {'accuracy': 0.9189090243455976}
--------------------------------------------------
Iteration: 27144 Metric: {'accuracy': 0.9178107267069375}
--------------------------------------------------
Iteration: 27405 Metric: {'accuracy': 0.9174446274940509}
--------------------------------------------------
Iteration: 27666 Metric: {'accuracy': 0.9178107267069375}
--------------------------------------------------
Iteration: 27927 Metric: {'accuracy': 0.9187259747391543}
--------------------------------------------------
Iteration: 28188 Metric: {'accuracy': 0.9212886692293611}
--------------------------------------------------
Iteration: 28449 Metric: {'accuracy': 0.9205564708035878}
--------------------------------------------------
Iteration: 28710 Metric: {'accuracy': 0.9176276771004942}
--------------------------------------------------
Iteration: 28971 Metric: {'accuracy': 0.9194581731649277}
--------------------------------------------------
Iteration: 29232 Metric: {'accuracy': 0.9181768259198243}
--------------------------------------------------
Iteration: 29493 Metric: {'accuracy': 0.9209225700164745}
--------------------------------------------------
Iteration: 29754 Metric: {'accuracy': 0.920190371590701}
--------------------------------------------------
Iteration: 30015 Metric: {'accuracy': 0.920190371590701}
--------------------------------------------------
Iteration: 30276 Metric: {'accuracy': 0.9234852645066813}
--------------------------------------------------
Iteration: 30537 Metric: {'accuracy': 0.9240344133260113}
--------------------------------------------------
Iteration: 30798 Metric: {'accuracy': 0.9216547684422478}
--------------------------------------------------
Iteration: 31059 Metric: {'accuracy': 0.9176276771004942}
--------------------------------------------------
Iteration: 31320 Metric: {'accuracy': 0.9205564708035878}
--------------------------------------------------
Iteration: 31581 Metric: {'accuracy': 0.9211056196229178}
--------------------------------------------------
Iteration: 31842 Metric: {'accuracy': 0.9200073219842577}
--------------------------------------------------
Iteration: 32103 Metric: {'accuracy': 0.9181768259198243}
--------------------------------------------------
Iteration: 32364 Metric: {'accuracy': 0.9176276771004942}
--------------------------------------------------
Iteration: 32625 Metric: {'accuracy': 0.9200073219842577}
--------------------------------------------------
Iteration: 32886 Metric: {'accuracy': 0.9189090243455976}
--------------------------------------------------
Iteration: 33147 Metric: {'accuracy': 0.9183598755262676}
--------------------------------------------------
Iteration: 33408 Metric: {'accuracy': 0.9207395204100312}
--------------------------------------------------
Iteration: 33669 Metric: {'accuracy': 0.9198242723778144}
--------------------------------------------------
Iteration: 33930 Metric: {'accuracy': 0.9194581731649277}
--------------------------------------------------
Iteration: 34191 Metric: {'accuracy': 0.9218378180486912}
--------------------------------------------------
Iteration: 34452 Metric: {'accuracy': 0.9209225700164745}
--------------------------------------------------
Iteration: 34713 Metric: {'accuracy': 0.9194581731649277}
--------------------------------------------------
Iteration: 34974 Metric: {'accuracy': 0.920190371590701}
--------------------------------------------------
Iteration: 35235 Metric: {'accuracy': 0.9203734211971444}
--------------------------------------------------
Iteration: 35496 Metric: {'accuracy': 0.920190371590701}
--------------------------------------------------
Iteration: 35757 Metric: {'accuracy': 0.9203734211971444}
--------------------------------------------------
Iteration: 36018 Metric: {'accuracy': 0.9194581731649277}
--------------------------------------------------
Iteration: 36279 Metric: {'accuracy': 0.920190371590701}
--------------------------------------------------
Iteration: 36540 Metric: {'accuracy': 0.9203734211971444}
--------------------------------------------------
Iteration: 36801 Metric: {'accuracy': 0.9189090243455976}
--------------------------------------------------
Iteration: 37062 Metric: {'accuracy': 0.9209225700164745}
--------------------------------------------------
Iteration: 37323 Metric: {'accuracy': 0.9205564708035878}
--------------------------------------------------
Iteration: 37584 Metric: {'accuracy': 0.9198242723778144}
--------------------------------------------------
Iteration: 37845 Metric: {'accuracy': 0.9216547684422478}
--------------------------------------------------
Iteration: 38106 Metric: {'accuracy': 0.9214717188358045}
--------------------------------------------------
Iteration: 38367 Metric: {'accuracy': 0.9216547684422478}
--------------------------------------------------
Iteration: 38628 Metric: {'accuracy': 0.9198242723778144}
--------------------------------------------------
Iteration: 38889 Metric: {'accuracy': 0.9211056196229178}
--------------------------------------------------
Iteration: 39150 Metric: {'accuracy': 0.9222039172615779}
--------------------------------------------------
******************* Best Score *******************
Best Metric: {'accuracy': 0.9240344133260113}
**************************************************
