Thu Dec 29 13:11:02 2022
******************** Training ********************
TASK: QQP
MODEL: roberta-large
================ General Training ================
SEED: 42
EPOCHS: 3
BATCH_SIZE: 8
OPTIMIZER: Adam
LR_SCHEDULER: linear
WARM_UP_RATIO: 0.1
================== MAT Training ==================
ADV_INIT_TYPE: randn
ADV_INIT_EPSILON: 1e-05
ADV_MAX_NORM: 1e-05
SAMPLING_TIMES_THETA: 5
SAMPLING_TIMES_DELTA: 5
SAMPLING_STEP_THETA: 1e-05
SAMPLING_STEP_DELTA: 0.001
SAMPLING_NOISE_RATIO: 0.1
LAMBDA: 1.0
BETA_S: 0.3
BETA_P: 0.3
EVAL_TIMES: 50
**************************************************
-------------------- EPOCH: 1 --------------------
Iteration: 909 Metric: {'accuracy': 0.6318822656443235, 'f1': 0.00026869080405723115}
--------------------------------------------------
Iteration: 1818 Metric: {'accuracy': 0.843952510511996, 'f1': 0.7783749604805565}
--------------------------------------------------
Iteration: 2727 Metric: {'accuracy': 0.8602275537966856, 'f1': 0.810946438727376}
--------------------------------------------------
Iteration: 3636 Metric: {'accuracy': 0.871036359139253, 'f1': 0.8333652924256952}
--------------------------------------------------
Iteration: 4545 Metric: {'accuracy': 0.8740291862478358, 'f1': 0.8281887798131093}
--------------------------------------------------
Iteration: 5454 Metric: {'accuracy': 0.8735097699727925, 'f1': 0.8271129141311696}
--------------------------------------------------
Iteration: 6363 Metric: {'accuracy': 0.8748454118229038, 'f1': 0.8377477073045598}
--------------------------------------------------
Iteration: 7272 Metric: {'accuracy': 0.8799159040316596, 'f1': 0.8434022513950262}
--------------------------------------------------
Iteration: 8181 Metric: {'accuracy': 0.873856047489488, 'f1': 0.8412006476522605}
--------------------------------------------------
Iteration: 9090 Metric: {'accuracy': 0.8832055404402671, 'f1': 0.8443843923016082}
--------------------------------------------------
Iteration: 9999 Metric: {'accuracy': 0.8784565916398713, 'f1': 0.8274578651685394}
--------------------------------------------------
Iteration: 10908 Metric: {'accuracy': 0.8856789512738066, 'f1': 0.8481902384549695}
--------------------------------------------------
Iteration: 11817 Metric: {'accuracy': 0.8820430373485035, 'f1': 0.8378608098459865}
--------------------------------------------------
Iteration: 12726 Metric: {'accuracy': 0.8840959683403413, 'f1': 0.8440183742760134}
--------------------------------------------------
Iteration: 13635 Metric: {'accuracy': 0.879495424189958, 'f1': 0.8425848142164781}
--------------------------------------------------
Iteration: 14544 Metric: {'accuracy': 0.8835518179569627, 'f1': 0.8469142225401574}
--------------------------------------------------
Iteration: 15453 Metric: {'accuracy': 0.8836012861736334, 'f1': 0.850896647867689}
--------------------------------------------------
Iteration: 16362 Metric: {'accuracy': 0.8829829334652486, 'f1': 0.8499000602811003}
--------------------------------------------------
Iteration: 17271 Metric: {'accuracy': 0.8848132574820677, 'f1': 0.8479942553122042}
--------------------------------------------------
Iteration: 18180 Metric: {'accuracy': 0.8871135295572594, 'f1': 0.8481400146403141}
--------------------------------------------------
Iteration: 19089 Metric: {'accuracy': 0.887336136532278, 'f1': 0.8489370875203132}
--------------------------------------------------
Iteration: 19998 Metric: {'accuracy': 0.89060103883255, 'f1': 0.8533633922355204}
--------------------------------------------------
Iteration: 20907 Metric: {'accuracy': 0.8817709621568143, 'f1': 0.8492589088615579}
--------------------------------------------------
Iteration: 21816 Metric: {'accuracy': 0.8896364086074697, 'f1': 0.852016449986734}
--------------------------------------------------
Iteration: 22725 Metric: {'accuracy': 0.8855305466237942, 'f1': 0.8393836329562019}
--------------------------------------------------
Iteration: 23634 Metric: {'accuracy': 0.8837496908236459, 'f1': 0.836305377542491}
--------------------------------------------------
Iteration: 24543 Metric: {'accuracy': 0.8921592876576799, 'f1': 0.856427818756586}
--------------------------------------------------
Iteration: 25452 Metric: {'accuracy': 0.896364086074697, 'f1': 0.8613959642739001}
--------------------------------------------------
Iteration: 26361 Metric: {'accuracy': 0.8889438535740787, 'f1': 0.8415219539743047}
--------------------------------------------------
Iteration: 27270 Metric: {'accuracy': 0.8924560969577047, 'f1': 0.8533063427800269}
--------------------------------------------------
Iteration: 28179 Metric: {'accuracy': 0.8739302498144942, 'f1': 0.8138898017307482}
--------------------------------------------------
Iteration: 29088 Metric: {'accuracy': 0.8926292357160525, 'f1': 0.8534683544303797}
--------------------------------------------------
Iteration: 29997 Metric: {'accuracy': 0.894484293841207, 'f1': 0.8623071460848234}
--------------------------------------------------
Iteration: 30906 Metric: {'accuracy': 0.893297056641108, 'f1': 0.857246856386499}
--------------------------------------------------
Iteration: 31815 Metric: {'accuracy': 0.8961909473163493, 'f1': 0.8657776072148132}
--------------------------------------------------
Iteration: 32724 Metric: {'accuracy': 0.8883007667573584, 'f1': 0.8571066953550184}
--------------------------------------------------
Iteration: 33633 Metric: {'accuracy': 0.8976255255998021, 'f1': 0.8645570862920907}
--------------------------------------------------
Iteration: 34542 Metric: {'accuracy': 0.8992332426416028, 'f1': 0.8624577987846048}
--------------------------------------------------
Iteration: 35451 Metric: {'accuracy': 0.894607964382884, 'f1': 0.8651454251985947}
--------------------------------------------------
Iteration: 36360 Metric: {'accuracy': 0.8999505317833292, 'f1': 0.8675897738060165}
--------------------------------------------------
Iteration: 37269 Metric: {'accuracy': 0.9004699480583725, 'f1': 0.8652558264130726}
--------------------------------------------------
Iteration: 38178 Metric: {'accuracy': 0.8847143210487262, 'f1': 0.8563680626174849}
--------------------------------------------------
Iteration: 39087 Metric: {'accuracy': 0.9030917635419243, 'f1': 0.8713300492610837}
--------------------------------------------------
Iteration: 39996 Metric: {'accuracy': 0.9012614395251051, 'f1': 0.8713585975766949}
--------------------------------------------------
Iteration: 40905 Metric: {'accuracy': 0.9004204798417017, 'f1': 0.8638116500913335}
--------------------------------------------------
Iteration: 41814 Metric: {'accuracy': 0.9016819193668069, 'f1': 0.8671057470495803}
--------------------------------------------------
Iteration: 42723 Metric: {'accuracy': 0.9002226069750185, 'f1': 0.8676248605368511}
--------------------------------------------------
Iteration: 43632 Metric: {'accuracy': 0.9028444224585703, 'f1': 0.8726329442282749}
--------------------------------------------------
Iteration: 44541 Metric: {'accuracy': 0.9036606480336384, 'f1': 0.8681672025723474}
--------------------------------------------------
Iteration: 45450 Metric: {'accuracy': 0.902448676725204, 'f1': 0.8743789017709263}
--------------------------------------------------
-------------------- EPOCH: 2 --------------------
Iteration: 46359 Metric: {'accuracy': 0.9056393767004699, 'f1': 0.8721557588552662}
--------------------------------------------------
Iteration: 47268 Metric: {'accuracy': 0.90375958446698, 'f1': 0.8712143779167908}
--------------------------------------------------
Iteration: 48177 Metric: {'accuracy': 0.903635913925303, 'f1': 0.8657940062004823}
--------------------------------------------------
Iteration: 49086 Metric: {'accuracy': 0.9074449666089538, 'f1': 0.8750584307178632}
--------------------------------------------------
Iteration: 49995 Metric: {'accuracy': 0.9083106604006925, 'f1': 0.877215064091948}
--------------------------------------------------
Iteration: 50904 Metric: {'accuracy': 0.9062824635171902, 'f1': 0.8722995517508678}
--------------------------------------------------
Iteration: 51813 Metric: {'accuracy': 0.9086569379173881, 'f1': 0.8780181668042941}
--------------------------------------------------
Iteration: 52722 Metric: {'accuracy': 0.9087064061340588, 'f1': 0.8798385258977113}
--------------------------------------------------
Iteration: 53631 Metric: {'accuracy': 0.9070739549839228, 'f1': 0.8748459309104233}
--------------------------------------------------
Iteration: 54540 Metric: {'accuracy': 0.9046500123670541, 'f1': 0.8756571944650517}
--------------------------------------------------
Iteration: 55449 Metric: {'accuracy': 0.908211723967351, 'f1': 0.8765345842898493}
--------------------------------------------------
Iteration: 56358 Metric: {'accuracy': 0.9081127875340094, 'f1': 0.8771941423424019}
--------------------------------------------------
Iteration: 57267 Metric: {'accuracy': 0.9094731634924561, 'f1': 0.876668014557218}
--------------------------------------------------
Iteration: 58176 Metric: {'accuracy': 0.9103635913925303, 'f1': 0.8794571580627993}
--------------------------------------------------
Iteration: 59085 Metric: {'accuracy': 0.9094484293841207, 'f1': 0.8779870021663057}
--------------------------------------------------
Iteration: 59994 Metric: {'accuracy': 0.9082859262923572, 'f1': 0.8762019230769231}
--------------------------------------------------
Iteration: 60903 Metric: {'accuracy': 0.9109572099925798, 'f1': 0.8825678496868478}
--------------------------------------------------
Iteration: 61812 Metric: {'accuracy': 0.9108582735592382, 'f1': 0.8822530057501308}
--------------------------------------------------
Iteration: 62721 Metric: {'accuracy': 0.9119960425426663, 'f1': 0.883267716535433}
--------------------------------------------------
Iteration: 63630 Metric: {'accuracy': 0.9134306208261193, 'f1': 0.8844121532364597}
--------------------------------------------------
Iteration: 64539 Metric: {'accuracy': 0.9117734355676478, 'f1': 0.8791216239113491}
--------------------------------------------------
Iteration: 65448 Metric: {'accuracy': 0.9132080138511006, 'f1': 0.884347912066181}
--------------------------------------------------
Iteration: 66357 Metric: {'accuracy': 0.9134553549344546, 'f1': 0.8842042558824503}
--------------------------------------------------
Iteration: 67266 Metric: {'accuracy': 0.9103141231758595, 'f1': 0.8830473487291963}
--------------------------------------------------
Iteration: 68175 Metric: {'accuracy': 0.9128864704427405, 'f1': 0.8835394484491766}
--------------------------------------------------
Iteration: 69084 Metric: {'accuracy': 0.9120455107593372, 'f1': 0.8846952010376135}
--------------------------------------------------
Iteration: 69993 Metric: {'accuracy': 0.9128617363344051, 'f1': 0.8824844057506921}
--------------------------------------------------
Iteration: 70902 Metric: {'accuracy': 0.9131585456344299, 'f1': 0.8842743663271697}
--------------------------------------------------
Iteration: 71811 Metric: {'accuracy': 0.913356418501113, 'f1': 0.8843779912202528}
--------------------------------------------------
Iteration: 72720 Metric: {'accuracy': 0.9139747712094979, 'f1': 0.8859896413820233}
--------------------------------------------------
Iteration: 73629 Metric: {'accuracy': 0.9121444471926787, 'f1': 0.8808133682303202}
--------------------------------------------------
Iteration: 74538 Metric: {'accuracy': 0.9122186495176848, 'f1': 0.8836355290337389}
--------------------------------------------------
Iteration: 75447 Metric: {'accuracy': 0.9140242394261687, 'f1': 0.8842799121113257}
--------------------------------------------------
Iteration: 76356 Metric: {'accuracy': 0.9110808805342567, 'f1': 0.884794103509053}
--------------------------------------------------
Iteration: 77265 Metric: {'accuracy': 0.9152114766262677, 'f1': 0.8856265848124917}
--------------------------------------------------
Iteration: 78174 Metric: {'accuracy': 0.9132822161761068, 'f1': 0.8877073858176927}
--------------------------------------------------
Iteration: 79083 Metric: {'accuracy': 0.916176106851348, 'f1': 0.8881481237004523}
--------------------------------------------------
Iteration: 79992 Metric: {'accuracy': 0.9148157308929014, 'f1': 0.8861487603305784}
--------------------------------------------------
Iteration: 80901 Metric: {'accuracy': 0.9180064308681672, 'f1': 0.8902281532501075}
--------------------------------------------------
Iteration: 81810 Metric: {'accuracy': 0.9167202572347267, 'f1': 0.8905147465287939}
--------------------------------------------------
Iteration: 82719 Metric: {'accuracy': 0.9178085580014841, 'f1': 0.8900651735203625}
--------------------------------------------------
Iteration: 83628 Metric: {'accuracy': 0.9166213208013851, 'f1': 0.8895659295659296}
--------------------------------------------------
Iteration: 84537 Metric: {'accuracy': 0.9159287657679941, 'f1': 0.8871326581437822}
--------------------------------------------------
Iteration: 85446 Metric: {'accuracy': 0.9161513727430126, 'f1': 0.8879931276019295}
--------------------------------------------------
Iteration: 86355 Metric: {'accuracy': 0.9174870145931239, 'f1': 0.8896679454954359}
--------------------------------------------------
Iteration: 87264 Metric: {'accuracy': 0.9178085580014841, 'f1': 0.8903987598535572}
--------------------------------------------------
Iteration: 88173 Metric: {'accuracy': 0.9198862231016571, 'f1': 0.8923025768911056}
--------------------------------------------------
Iteration: 89082 Metric: {'accuracy': 0.919812020776651, 'f1': 0.8915428877291582}
--------------------------------------------------
Iteration: 89991 Metric: {'accuracy': 0.9199604254266633, 'f1': 0.8918232265828709}
--------------------------------------------------
Iteration: 90900 Metric: {'accuracy': 0.9202819688350234, 'f1': 0.8935284595817778}
--------------------------------------------------
-------------------- EPOCH: 3 --------------------
Iteration: 91809 Metric: {'accuracy': 0.9204551075933712, 'f1': 0.8925995191023242}
--------------------------------------------------
Iteration: 92718 Metric: {'accuracy': 0.9185505812515459, 'f1': 0.887989387394129}
--------------------------------------------------
Iteration: 93627 Metric: {'accuracy': 0.919564679693297, 'f1': 0.8926449227518817}
--------------------------------------------------
Iteration: 94536 Metric: {'accuracy': 0.9209003215434084, 'f1': 0.8936127744510978}
--------------------------------------------------
Iteration: 95445 Metric: {'accuracy': 0.9202325006183527, 'f1': 0.8923241294113717}
--------------------------------------------------
Iteration: 96354 Metric: {'accuracy': 0.9194657432599554, 'f1': 0.8935042846863348}
--------------------------------------------------
Iteration: 97263 Metric: {'accuracy': 0.9196636161266386, 'f1': 0.8917982543807049}
--------------------------------------------------
Iteration: 98172 Metric: {'accuracy': 0.9212218649517685, 'f1': 0.8937022327537296}
--------------------------------------------------
Iteration: 99081 Metric: {'accuracy': 0.9215186742517932, 'f1': 0.893946990206892}
--------------------------------------------------
Iteration: 99990 Metric: {'accuracy': 0.9199109572099926, 'f1': 0.8938360655737704}
--------------------------------------------------
Iteration: 100899 Metric: {'accuracy': 0.9218649517684887, 'f1': 0.8934821458677547}
--------------------------------------------------
Iteration: 101808 Metric: {'accuracy': 0.9217907494434826, 'f1': 0.8937785541521097}
--------------------------------------------------
Iteration: 102717 Metric: {'accuracy': 0.9215434083601286, 'f1': 0.8947996816131599}
--------------------------------------------------
Iteration: 103626 Metric: {'accuracy': 0.9209497897600791, 'f1': 0.8934666666666666}
--------------------------------------------------
Iteration: 104535 Metric: {'accuracy': 0.9210981944100916, 'f1': 0.8948513415518491}
--------------------------------------------------
Iteration: 105444 Metric: {'accuracy': 0.921444471926787, 'f1': 0.8932365201021918}
--------------------------------------------------
Iteration: 106353 Metric: {'accuracy': 0.9225822409102152, 'f1': 0.8961306165792792}
--------------------------------------------------
Iteration: 107262 Metric: {'accuracy': 0.9216423447934702, 'f1': 0.8956521739130434}
--------------------------------------------------
Iteration: 108171 Metric: {'accuracy': 0.9209003215434084, 'f1': 0.8948717948717949}
--------------------------------------------------
Iteration: 109080 Metric: {'accuracy': 0.9215928765767994, 'f1': 0.8943192425656754}
--------------------------------------------------
Iteration: 109989 Metric: {'accuracy': 0.9222854316101905, 'f1': 0.8949725899184382}
--------------------------------------------------
Iteration: 110898 Metric: {'accuracy': 0.9221864951768489, 'f1': 0.8956550580431177}
--------------------------------------------------
Iteration: 111807 Metric: {'accuracy': 0.9224091021518674, 'f1': 0.896081094510882}
--------------------------------------------------
Iteration: 112716 Metric: {'accuracy': 0.9223101657185259, 'f1': 0.8958727001491794}
--------------------------------------------------
Iteration: 113625 Metric: {'accuracy': 0.9230769230769231, 'f1': 0.8964644783274519}
--------------------------------------------------
Iteration: 114534 Metric: {'accuracy': 0.9219886223101658, 'f1': 0.8955905720338982}
--------------------------------------------------
Iteration: 115443 Metric: {'accuracy': 0.923447934701954, 'f1': 0.8974927963435232}
--------------------------------------------------
Iteration: 116352 Metric: {'accuracy': 0.923695275785308, 'f1': 0.8973821641220106}
--------------------------------------------------
Iteration: 117261 Metric: {'accuracy': 0.923324264160277, 'f1': 0.8981000591677075}
--------------------------------------------------
Iteration: 118170 Metric: {'accuracy': 0.923695275785308, 'f1': 0.8972317532229588}
--------------------------------------------------
Iteration: 119079 Metric: {'accuracy': 0.9231016571852585, 'f1': 0.8976595674643669}
--------------------------------------------------
Iteration: 119988 Metric: {'accuracy': 0.9239178827603265, 'f1': 0.8972611890447562}
--------------------------------------------------
Iteration: 120897 Metric: {'accuracy': 0.9234974029186248, 'f1': 0.8977148715235292}
--------------------------------------------------
Iteration: 121806 Metric: {'accuracy': 0.9227801137768984, 'f1': 0.897538562520512}
--------------------------------------------------
Iteration: 122715 Metric: {'accuracy': 0.9237694781103141, 'f1': 0.8979808010592518}
--------------------------------------------------
Iteration: 123624 Metric: {'accuracy': 0.9234232005936186, 'f1': 0.8980371492556976}
--------------------------------------------------
Iteration: 124533 Metric: {'accuracy': 0.9235221370269602, 'f1': 0.8985564304461942}
--------------------------------------------------
Iteration: 125442 Metric: {'accuracy': 0.9244372990353698, 'f1': 0.8988979713406361}
--------------------------------------------------
Iteration: 126351 Metric: {'accuracy': 0.9248577788770714, 'f1': 0.8992905920572831}
--------------------------------------------------
Iteration: 127260 Metric: {'accuracy': 0.924956715310413, 'f1': 0.8989340439706862}
--------------------------------------------------
Iteration: 128169 Metric: {'accuracy': 0.9243383626020282, 'f1': 0.8991726820264345}
--------------------------------------------------
Iteration: 129078 Metric: {'accuracy': 0.9253524610437793, 'f1': 0.8997008973080758}
--------------------------------------------------
Iteration: 129987 Metric: {'accuracy': 0.9240910215186743, 'f1': 0.8992680605245019}
--------------------------------------------------
Iteration: 130896 Metric: {'accuracy': 0.9247835765520653, 'f1': 0.8987177352206495}
--------------------------------------------------
Iteration: 131805 Metric: {'accuracy': 0.9247835765520653, 'f1': 0.899653522521036}
--------------------------------------------------
Iteration: 132714 Metric: {'accuracy': 0.9248825129854069, 'f1': 0.8990191188694929}
--------------------------------------------------
Iteration: 133623 Metric: {'accuracy': 0.9250556517437546, 'f1': 0.8995691083858137}
--------------------------------------------------
Iteration: 134532 Metric: {'accuracy': 0.9251298540687608, 'f1': 0.8995386810925625}
--------------------------------------------------
Iteration: 135441 Metric: {'accuracy': 0.9251545881770962, 'f1': 0.8997415678218806}
--------------------------------------------------
Iteration: 136350 Metric: {'accuracy': 0.9251793222854316, 'f1': 0.8997381591594579}
--------------------------------------------------
******************* Best Score *******************
Best Metric: {'accuracy': 0.9253524610437793, 'f1': 0.8997008973080758}
**************************************************
