Tue Dec 27 10:00:43 2022
******************** Training ********************
TASK: QQP
MODEL: bert-base-uncased
================ General Training ================
SEED: 42
EPOCHS: 3
BATCH_SIZE: 32
OPTIMIZER: Adam
LR_SCHEDULER: linear
WARM_UP_RATIO: 0.1
================== MAT Training ==================
ADV_INIT_TYPE: randn
ADV_INIT_EPSILON: 1e-05
ADV_MAX_NORM: 1e-05
SAMPLING_TIMES_THETA: 10
SAMPLING_TIMES_DELTA: 5
SAMPLING_STEP_THETA: 1e-05
SAMPLING_STEP_DELTA: 0.001
SAMPLING_NOISE_RATIO: 0.1
LAMBDA: 1.0
BETA_S: 0.3
BETA_P: 0.3
EVAL_TIMES: 50
**************************************************
-------------------- EPOCH: 1 --------------------
Iteration: 227 Metric: {'accuracy': 0.725896611427158, 'f1': 0.6489705416534686}
--------------------------------------------------
Iteration: 454 Metric: {'accuracy': 0.7935691318327974, 'f1': 0.7419135382522112}
--------------------------------------------------
Iteration: 681 Metric: {'accuracy': 0.8184763789265397, 'f1': 0.7673187280048192}
--------------------------------------------------
Iteration: 908 Metric: {'accuracy': 0.8363096710363591, 'f1': 0.785561531981077}
--------------------------------------------------
Iteration: 1135 Metric: {'accuracy': 0.8396982438783082, 'f1': 0.7967000219580287}
--------------------------------------------------
Iteration: 1362 Metric: {'accuracy': 0.8445213950037102, 'f1': 0.8059876543209876}
--------------------------------------------------
Iteration: 1589 Metric: {'accuracy': 0.8543161019045263, 'f1': 0.8057259713701431}
--------------------------------------------------
Iteration: 1816 Metric: {'accuracy': 0.8544892406628741, 'f1': 0.8127446923640068}
--------------------------------------------------
Iteration: 2043 Metric: {'accuracy': 0.8581498886965125, 'f1': 0.8033871575988206}
--------------------------------------------------
Iteration: 2270 Metric: {'accuracy': 0.8615384615384616, 'f1': 0.8173810921902526}
--------------------------------------------------
Iteration: 2497 Metric: {'accuracy': 0.863764531288647, 'f1': 0.8268360160965794}
--------------------------------------------------
Iteration: 2724 Metric: {'accuracy': 0.8614889933217907, 'f1': 0.8240764011058055}
--------------------------------------------------
Iteration: 2951 Metric: {'accuracy': 0.8686371506307198, 'f1': 0.8193967422722481}
--------------------------------------------------
Iteration: 3178 Metric: {'accuracy': 0.8695523126391294, 'f1': 0.8250398089171974}
--------------------------------------------------
Iteration: 3405 Metric: {'accuracy': 0.8686124165223844, 'f1': 0.8321961081627496}
--------------------------------------------------
Iteration: 3632 Metric: {'accuracy': 0.8737571110561464, 'f1': 0.8274976341760173}
--------------------------------------------------
Iteration: 3859 Metric: {'accuracy': 0.8731387583477616, 'f1': 0.8342543221845209}
--------------------------------------------------
Iteration: 4086 Metric: {'accuracy': 0.8689586940390799, 'f1': 0.834499562664001}
--------------------------------------------------
Iteration: 4313 Metric: {'accuracy': 0.8631709126885976, 'f1': 0.8335840202153901}
--------------------------------------------------
Iteration: 4540 Metric: {'accuracy': 0.8789512738065792, 'f1': 0.8341354300820173}
--------------------------------------------------
Iteration: 4767 Metric: {'accuracy': 0.876552065298046, 'f1': 0.8242419973940909}
--------------------------------------------------
Iteration: 4994 Metric: {'accuracy': 0.8815483551817958, 'f1': 0.8434199771129639}
--------------------------------------------------
Iteration: 5221 Metric: {'accuracy': 0.8749938164729162, 'f1': 0.820014245014245}
--------------------------------------------------
Iteration: 5448 Metric: {'accuracy': 0.8831808063319317, 'f1': 0.841291710070903}
--------------------------------------------------
Iteration: 5675 Metric: {'accuracy': 0.8809052683650754, 'f1': 0.8484848484848484}
--------------------------------------------------
Iteration: 5902 Metric: {'accuracy': 0.886643581498887, 'f1': 0.8500179991491311}
--------------------------------------------------
Iteration: 6129 Metric: {'accuracy': 0.8830571357902548, 'f1': 0.841214400859753}
--------------------------------------------------
Iteration: 6356 Metric: {'accuracy': 0.882883997031907, 'f1': 0.844636939331299}
--------------------------------------------------
Iteration: 6583 Metric: {'accuracy': 0.8852832055404403, 'f1': 0.8475244920770597}
--------------------------------------------------
Iteration: 6810 Metric: {'accuracy': 0.8864951768488746, 'f1': 0.8459912071685068}
--------------------------------------------------
Iteration: 7037 Metric: {'accuracy': 0.8847885233737324, 'f1': 0.8398872542279665}
--------------------------------------------------
Iteration: 7264 Metric: {'accuracy': 0.8881276279990107, 'f1': 0.8512709217059617}
--------------------------------------------------
Iteration: 7491 Metric: {'accuracy': 0.8907741775908978, 'f1': 0.8480594549958713}
--------------------------------------------------
Iteration: 7718 Metric: {'accuracy': 0.8869156566905763, 'f1': 0.844468635188461}
--------------------------------------------------
Iteration: 7945 Metric: {'accuracy': 0.8924313628493693, 'f1': 0.8552986191981367}
--------------------------------------------------
Iteration: 8172 Metric: {'accuracy': 0.8914419985159535, 'f1': 0.8557625948930296}
--------------------------------------------------
Iteration: 8399 Metric: {'accuracy': 0.893915409349493, 'f1': 0.8604159208513685}
--------------------------------------------------
Iteration: 8626 Metric: {'accuracy': 0.8915162008409597, 'f1': 0.8488836824696802}
--------------------------------------------------
Iteration: 8853 Metric: {'accuracy': 0.8913430620826119, 'f1': 0.850836983464059}
--------------------------------------------------
Iteration: 9080 Metric: {'accuracy': 0.8985901558248826, 'f1': 0.8639952232468652}
--------------------------------------------------
Iteration: 9307 Metric: {'accuracy': 0.8933712589661142, 'f1': 0.8563813838824665}
--------------------------------------------------
Iteration: 9534 Metric: {'accuracy': 0.8987880286915657, 'f1': 0.8650128653427459}
--------------------------------------------------
Iteration: 9761 Metric: {'accuracy': 0.8906752411575563, 'f1': 0.8487440969132845}
--------------------------------------------------
Iteration: 9988 Metric: {'accuracy': 0.8969082364580757, 'f1': 0.8598708983324367}
--------------------------------------------------
Iteration: 10215 Metric: {'accuracy': 0.8960920108830077, 'f1': 0.8584616421279606}
--------------------------------------------------
Iteration: 10442 Metric: {'accuracy': 0.8966608953747217, 'f1': 0.864596836919886}
--------------------------------------------------
Iteration: 10669 Metric: {'accuracy': 0.9026465495918872, 'f1': 0.8694527363184079}
--------------------------------------------------
Iteration: 10896 Metric: {'accuracy': 0.8990848379915904, 'f1': 0.8640906062624917}
--------------------------------------------------
Iteration: 11123 Metric: {'accuracy': 0.8973534504081128, 'f1': 0.866662382727156}
--------------------------------------------------
Iteration: 11350 Metric: {'accuracy': 0.9012861736334405, 'f1': 0.8656455142231947}
--------------------------------------------------
-------------------- EPOCH: 2 --------------------
Iteration: 11577 Metric: {'accuracy': 0.9038337867919861, 'f1': 0.8702962369895917}
--------------------------------------------------
Iteration: 11804 Metric: {'accuracy': 0.9017808558001484, 'f1': 0.8651017427047594}
--------------------------------------------------
Iteration: 12031 Metric: {'accuracy': 0.9028938906752412, 'f1': 0.8709571391007099}
--------------------------------------------------
Iteration: 12258 Metric: {'accuracy': 0.9007667573583972, 'f1': 0.8618076605125379}
--------------------------------------------------
Iteration: 12485 Metric: {'accuracy': 0.9022013356418501, 'f1': 0.8649959027588091}
--------------------------------------------------
Iteration: 12712 Metric: {'accuracy': 0.9054167697254514, 'f1': 0.8739700744842133}
--------------------------------------------------
Iteration: 12939 Metric: {'accuracy': 0.9047242146920603, 'f1': 0.8704339051463169}
--------------------------------------------------
Iteration: 13166 Metric: {'accuracy': 0.9034875092752906, 'f1': 0.8737707039337475}
--------------------------------------------------
Iteration: 13393 Metric: {'accuracy': 0.9029433588919119, 'f1': 0.8740046236835345}
--------------------------------------------------
Iteration: 13620 Metric: {'accuracy': 0.9050210239920851, 'f1': 0.8720170643914144}
--------------------------------------------------
Iteration: 13847 Metric: {'accuracy': 0.9044521395003711, 'f1': 0.8751575477490869}
--------------------------------------------------
Iteration: 14074 Metric: {'accuracy': 0.9043779371753649, 'f1': 0.869436001350895}
--------------------------------------------------
Iteration: 14301 Metric: {'accuracy': 0.9076181053673015, 'f1': 0.8766471812147033}
--------------------------------------------------
Iteration: 14528 Metric: {'accuracy': 0.906331931733861, 'f1': 0.8764961027948994}
--------------------------------------------------
Iteration: 14755 Metric: {'accuracy': 0.9023002720751917, 'f1': 0.8706360123141416}
--------------------------------------------------
Iteration: 14982 Metric: {'accuracy': 0.9072965619589414, 'f1': 0.8756799787713945}
--------------------------------------------------
Iteration: 15209 Metric: {'accuracy': 0.9039079891169923, 'f1': 0.872518457752256}
--------------------------------------------------
Iteration: 15436 Metric: {'accuracy': 0.9071976255255998, 'f1': 0.876204302494391}
--------------------------------------------------
Iteration: 15663 Metric: {'accuracy': 0.9062824635171902, 'f1': 0.8768565764243232}
--------------------------------------------------
Iteration: 15890 Metric: {'accuracy': 0.9072470937422706, 'f1': 0.8734817813765182}
--------------------------------------------------
Iteration: 16117 Metric: {'accuracy': 0.9072965619589414, 'f1': 0.877275703994761}
--------------------------------------------------
Iteration: 16344 Metric: {'accuracy': 0.9072223596339352, 'f1': 0.8755515742676088}
--------------------------------------------------
Iteration: 16571 Metric: {'accuracy': 0.9076923076923077, 'f1': 0.8778396072013093}
--------------------------------------------------
Iteration: 16798 Metric: {'accuracy': 0.9085580014840465, 'f1': 0.8770739817123858}
--------------------------------------------------
Iteration: 17025 Metric: {'accuracy': 0.909151620084096, 'f1': 0.876666330882106}
--------------------------------------------------
Iteration: 17252 Metric: {'accuracy': 0.9070492208755875, 'f1': 0.8742555042494814}
--------------------------------------------------
Iteration: 17479 Metric: {'accuracy': 0.9078407123423201, 'f1': 0.8790181180596142}
--------------------------------------------------
Iteration: 17706 Metric: {'accuracy': 0.9082859262923572, 'f1': 0.8749747117135344}
--------------------------------------------------
Iteration: 17933 Metric: {'accuracy': 0.9087064061340588, 'f1': 0.8736867321446905}
--------------------------------------------------
Iteration: 18160 Metric: {'accuracy': 0.9104377937175365, 'f1': 0.879045996592845}
--------------------------------------------------
Iteration: 18387 Metric: {'accuracy': 0.9117487014593124, 'f1': 0.8821975699947173}
--------------------------------------------------
Iteration: 18614 Metric: {'accuracy': 0.9105367301508781, 'f1': 0.8794373520882637}
--------------------------------------------------
Iteration: 18841 Metric: {'accuracy': 0.9104625278258719, 'f1': 0.8783111469678634}
--------------------------------------------------
Iteration: 19068 Metric: {'accuracy': 0.9055404402671283, 'f1': 0.8672160216960466}
--------------------------------------------------
Iteration: 19295 Metric: {'accuracy': 0.9103883255008657, 'f1': 0.8797424237395026}
--------------------------------------------------
Iteration: 19522 Metric: {'accuracy': 0.9098194410091516, 'f1': 0.879279517912721}
--------------------------------------------------
Iteration: 19749 Metric: {'accuracy': 0.9111303487509276, 'f1': 0.8805796523415428}
--------------------------------------------------
Iteration: 19976 Metric: {'accuracy': 0.9078407123423201, 'f1': 0.8741046087309097}
--------------------------------------------------
Iteration: 20203 Metric: {'accuracy': 0.9112787534009399, 'f1': 0.8784521026058081}
--------------------------------------------------
Iteration: 20430 Metric: {'accuracy': 0.9135295572594608, 'f1': 0.8828261161013541}
--------------------------------------------------
Iteration: 20657 Metric: {'accuracy': 0.9126885975760574, 'f1': 0.8833751817100569}
--------------------------------------------------
Iteration: 20884 Metric: {'accuracy': 0.9142468464011873, 'f1': 0.8866956436484852}
--------------------------------------------------
Iteration: 21111 Metric: {'accuracy': 0.9120702448676725, 'f1': 0.8790528357091825}
--------------------------------------------------
Iteration: 21338 Metric: {'accuracy': 0.9127627999010636, 'f1': 0.8815290047361525}
--------------------------------------------------
Iteration: 21565 Metric: {'accuracy': 0.9141973781845164, 'f1': 0.8829345661930955}
--------------------------------------------------
Iteration: 21792 Metric: {'accuracy': 0.9138511006678209, 'f1': 0.884251104981556}
--------------------------------------------------
Iteration: 22019 Metric: {'accuracy': 0.9130843433094237, 'f1': 0.8855896333919385}
--------------------------------------------------
Iteration: 22246 Metric: {'accuracy': 0.9120949789760079, 'f1': 0.8812641988507284}
--------------------------------------------------
Iteration: 22473 Metric: {'accuracy': 0.914543655701212, 'f1': 0.8862176848345135}
--------------------------------------------------
Iteration: 22700 Metric: {'accuracy': 0.9140242394261687, 'f1': 0.8829866020332592}
--------------------------------------------------
-------------------- EPOCH: 3 --------------------
Iteration: 22927 Metric: {'accuracy': 0.9143952510511996, 'f1': 0.8871204461694009}
--------------------------------------------------
Iteration: 23154 Metric: {'accuracy': 0.9151620084095968, 'f1': 0.885383947069438}
--------------------------------------------------
Iteration: 23381 Metric: {'accuracy': 0.9139747712094979, 'f1': 0.8826902320561252}
--------------------------------------------------
Iteration: 23608 Metric: {'accuracy': 0.9142221122928519, 'f1': 0.8851046912271403}
--------------------------------------------------
Iteration: 23835 Metric: {'accuracy': 0.9143457828345288, 'f1': 0.8838971401750093}
--------------------------------------------------
Iteration: 24062 Metric: {'accuracy': 0.9136037595844669, 'f1': 0.884257264985586}
--------------------------------------------------
Iteration: 24289 Metric: {'accuracy': 0.914419985159535, 'f1': 0.8853013326261354}
--------------------------------------------------
Iteration: 24516 Metric: {'accuracy': 0.9131832797427653, 'f1': 0.8817863397548161}
--------------------------------------------------
Iteration: 24743 Metric: {'accuracy': 0.9154340836012862, 'f1': 0.8867618322127646}
--------------------------------------------------
Iteration: 24970 Metric: {'accuracy': 0.915236210734603, 'f1': 0.8867069985784655}
--------------------------------------------------
Iteration: 25197 Metric: {'accuracy': 0.9147415285678951, 'f1': 0.8842939142694102}
--------------------------------------------------
Iteration: 25424 Metric: {'accuracy': 0.9128864704427405, 'f1': 0.8806506269061335}
--------------------------------------------------
Iteration: 25651 Metric: {'accuracy': 0.9146425921345536, 'f1': 0.8845317362063775}
--------------------------------------------------
Iteration: 25878 Metric: {'accuracy': 0.9149394014345783, 'f1': 0.8856145019125229}
--------------------------------------------------
Iteration: 26105 Metric: {'accuracy': 0.9155082859262924, 'f1': 0.8853383458646616}
--------------------------------------------------
Iteration: 26332 Metric: {'accuracy': 0.9147909967845659, 'f1': 0.8841744275964092}
--------------------------------------------------
Iteration: 26559 Metric: {'accuracy': 0.914543655701212, 'f1': 0.8839240718965227}
--------------------------------------------------
Iteration: 26786 Metric: {'accuracy': 0.9157803611179817, 'f1': 0.8865491620297871}
--------------------------------------------------
Iteration: 27013 Metric: {'accuracy': 0.9157061587929756, 'f1': 0.8869426751592356}
--------------------------------------------------
Iteration: 27240 Metric: {'accuracy': 0.9158050952263171, 'f1': 0.8874933897408779}
--------------------------------------------------
Iteration: 27467 Metric: {'accuracy': 0.9159534998763295, 'f1': 0.8865972500333733}
--------------------------------------------------
Iteration: 27694 Metric: {'accuracy': 0.9155577541429631, 'f1': 0.8851123973616907}
--------------------------------------------------
Iteration: 27921 Metric: {'accuracy': 0.9152609448429384, 'f1': 0.8859368757491011}
--------------------------------------------------
Iteration: 28148 Metric: {'accuracy': 0.916052436309671, 'f1': 0.8867080579477936}
--------------------------------------------------
Iteration: 28375 Metric: {'accuracy': 0.9146425921345536, 'f1': 0.8854591921404626}
--------------------------------------------------
Iteration: 28602 Metric: {'accuracy': 0.9158050952263171, 'f1': 0.8862451543911243}
--------------------------------------------------
Iteration: 28829 Metric: {'accuracy': 0.9150383378679199, 'f1': 0.8865550381452492}
--------------------------------------------------
Iteration: 29056 Metric: {'accuracy': 0.9157308929013109, 'f1': 0.8871218898055196}
--------------------------------------------------
Iteration: 29283 Metric: {'accuracy': 0.9150630719762552, 'f1': 0.8842523931508697}
--------------------------------------------------
Iteration: 29510 Metric: {'accuracy': 0.9143952510511996, 'f1': 0.8837849635673751}
--------------------------------------------------
Iteration: 29737 Metric: {'accuracy': 0.9165965866930497, 'f1': 0.8876449420231907}
--------------------------------------------------
Iteration: 29964 Metric: {'accuracy': 0.9151867425179322, 'f1': 0.8842453498970395}
--------------------------------------------------
Iteration: 30191 Metric: {'accuracy': 0.9164481820430374, 'f1': 0.8867582970164265}
--------------------------------------------------
Iteration: 30418 Metric: {'accuracy': 0.9162997773930249, 'f1': 0.8868908349488601}
--------------------------------------------------
Iteration: 30645 Metric: {'accuracy': 0.9167697254513975, 'f1': 0.8885650892472762}
--------------------------------------------------
Iteration: 30872 Metric: {'accuracy': 0.9155330200346278, 'f1': 0.8875572091798096}
--------------------------------------------------
Iteration: 31099 Metric: {'accuracy': 0.9162255750680188, 'f1': 0.8870887088708872}
--------------------------------------------------
Iteration: 31326 Metric: {'accuracy': 0.9162503091763542, 'f1': 0.8866800535475234}
--------------------------------------------------
Iteration: 31553 Metric: {'accuracy': 0.9163492456096958, 'f1': 0.8871462893753336}
--------------------------------------------------
Iteration: 31780 Metric: {'accuracy': 0.9168933959930744, 'f1': 0.8885793871866295}
--------------------------------------------------
Iteration: 32007 Metric: {'accuracy': 0.9171654711847638, 'f1': 0.888719056321648}
--------------------------------------------------
Iteration: 32234 Metric: {'accuracy': 0.9166707890180559, 'f1': 0.8884400145700189}
--------------------------------------------------
Iteration: 32461 Metric: {'accuracy': 0.9171654711847638, 'f1': 0.8889257404397864}
--------------------------------------------------
Iteration: 32688 Metric: {'accuracy': 0.9175859510264655, 'f1': 0.8888666533253284}
--------------------------------------------------
Iteration: 32915 Metric: {'accuracy': 0.9172891417264407, 'f1': 0.8884515311228234}
--------------------------------------------------
Iteration: 33142 Metric: {'accuracy': 0.9172891417264407, 'f1': 0.888763222673142}
--------------------------------------------------
Iteration: 33369 Metric: {'accuracy': 0.9172644076181053, 'f1': 0.8890142340489067}
--------------------------------------------------
Iteration: 33596 Metric: {'accuracy': 0.9178580262181548, 'f1': 0.8896054249908585}
--------------------------------------------------
Iteration: 33823 Metric: {'accuracy': 0.9175364828097947, 'f1': 0.8892432396518504}
--------------------------------------------------
Iteration: 34050 Metric: {'accuracy': 0.9177343556764779, 'f1': 0.8893767045832502}
--------------------------------------------------
******************* Best Score *******************
Best Metric: {'accuracy': 0.9178580262181548, 'f1': 0.8896054249908585}
**************************************************
