Sun Jan  8 22:38:47 2023
******************** Training ********************
TASK: SST-2
MODEL: roberta-large
================ General Training ================
SEED: 42
EPOCHS: 5
BATCH_SIZE: 32
OPTIMIZER: Adam
LR_SCHEDULER: linear
WARM_UP_RATIO: 0.1
================== MAT Training ==================
ADV_INIT_TYPE: randn
ADV_INIT_EPSILON: 1e-05
ADV_MAX_NORM: 1e-05
SAMPLING_TIMES_THETA: 5
SAMPLING_TIMES_DELTA: 5
SAMPLING_STEP_THETA: 1e-05
SAMPLING_STEP_DELTA: 0.001
SAMPLING_NOISE_RATIO: 0.2
LAMBDA: 1.0
BETA_S: 0.5
BETA_P: 0.5
EVAL_TIMES: 10
**************************************************
-------------------- EPOCH: 1 --------------------
Iteration: 210 Metric: {'accuracy': 0.930045871559633}
--------------------------------------------------
Iteration: 420 Metric: {'accuracy': 0.9392201834862385}
--------------------------------------------------
Iteration: 630 Metric: {'accuracy': 0.9518348623853211}
--------------------------------------------------
Iteration: 840 Metric: {'accuracy': 0.9518348623853211}
--------------------------------------------------
Iteration: 1050 Metric: {'accuracy': 0.948394495412844}
--------------------------------------------------
Iteration: 1260 Metric: {'accuracy': 0.9472477064220184}
--------------------------------------------------
Iteration: 1470 Metric: {'accuracy': 0.9506880733944955}
--------------------------------------------------
Iteration: 1680 Metric: {'accuracy': 0.9564220183486238}
--------------------------------------------------
Iteration: 1890 Metric: {'accuracy': 0.9564220183486238}
--------------------------------------------------
Iteration: 2100 Metric: {'accuracy': 0.9575688073394495}
--------------------------------------------------
-------------------- EPOCH: 2 --------------------
Iteration: 2310 Metric: {'accuracy': 0.9587155963302753}
--------------------------------------------------
Iteration: 2520 Metric: {'accuracy': 0.9587155963302753}
--------------------------------------------------
Iteration: 2730 Metric: {'accuracy': 0.9644495412844036}
--------------------------------------------------
Iteration: 2940 Metric: {'accuracy': 0.963302752293578}
--------------------------------------------------
Iteration: 3150 Metric: {'accuracy': 0.9621559633027523}
--------------------------------------------------
Iteration: 3360 Metric: {'accuracy': 0.9575688073394495}
--------------------------------------------------
Iteration: 3570 Metric: {'accuracy': 0.9552752293577982}
--------------------------------------------------
Iteration: 3780 Metric: {'accuracy': 0.9587155963302753}
--------------------------------------------------
Iteration: 3990 Metric: {'accuracy': 0.9587155963302753}
--------------------------------------------------
Iteration: 4200 Metric: {'accuracy': 0.9621559633027523}
--------------------------------------------------
-------------------- EPOCH: 3 --------------------
Iteration: 4410 Metric: {'accuracy': 0.9598623853211009}
--------------------------------------------------
Iteration: 4620 Metric: {'accuracy': 0.9610091743119266}
--------------------------------------------------
Iteration: 4830 Metric: {'accuracy': 0.9575688073394495}
--------------------------------------------------
Iteration: 5040 Metric: {'accuracy': 0.9575688073394495}
--------------------------------------------------
Iteration: 5250 Metric: {'accuracy': 0.9575688073394495}
--------------------------------------------------
Iteration: 5460 Metric: {'accuracy': 0.9587155963302753}
--------------------------------------------------
Iteration: 5670 Metric: {'accuracy': 0.9598623853211009}
--------------------------------------------------
Iteration: 5880 Metric: {'accuracy': 0.9621559633027523}
--------------------------------------------------
Iteration: 6090 Metric: {'accuracy': 0.9644495412844036}
--------------------------------------------------
Iteration: 6300 Metric: {'accuracy': 0.963302752293578}
--------------------------------------------------
-------------------- EPOCH: 4 --------------------
Iteration: 6510 Metric: {'accuracy': 0.9713302752293578}
--------------------------------------------------
Iteration: 6720 Metric: {'accuracy': 0.9564220183486238}
--------------------------------------------------
Iteration: 6930 Metric: {'accuracy': 0.9610091743119266}
--------------------------------------------------
Iteration: 7140 Metric: {'accuracy': 0.9621559633027523}
--------------------------------------------------
Iteration: 7350 Metric: {'accuracy': 0.963302752293578}
--------------------------------------------------
Iteration: 7560 Metric: {'accuracy': 0.9621559633027523}
--------------------------------------------------
Iteration: 7770 Metric: {'accuracy': 0.9621559633027523}
--------------------------------------------------
Iteration: 7980 Metric: {'accuracy': 0.9610091743119266}
--------------------------------------------------
Iteration: 8190 Metric: {'accuracy': 0.9610091743119266}
--------------------------------------------------
Iteration: 8400 Metric: {'accuracy': 0.9598623853211009}
--------------------------------------------------
-------------------- EPOCH: 5 --------------------
Iteration: 8610 Metric: {'accuracy': 0.9610091743119266}
--------------------------------------------------
Iteration: 8820 Metric: {'accuracy': 0.9621559633027523}
--------------------------------------------------
Iteration: 9030 Metric: {'accuracy': 0.963302752293578}
--------------------------------------------------
Iteration: 9240 Metric: {'accuracy': 0.9644495412844036}
--------------------------------------------------
Iteration: 9450 Metric: {'accuracy': 0.966743119266055}
--------------------------------------------------
Iteration: 9660 Metric: {'accuracy': 0.966743119266055}
--------------------------------------------------
Iteration: 9870 Metric: {'accuracy': 0.9655963302752294}
--------------------------------------------------
Iteration: 10080 Metric: {'accuracy': 0.9655963302752294}
--------------------------------------------------
Iteration: 10290 Metric: {'accuracy': 0.9655963302752294}
--------------------------------------------------
Iteration: 10500 Metric: {'accuracy': 0.966743119266055}
--------------------------------------------------
******************* Best Score *******************
Best Metric: {'accuracy': 0.9713302752293578}
**************************************************
