Mon Jan  2 02:36:35 2023
******************** Training ********************
TASK: SST-2
MODEL: bert-base-uncased
================ General Training ================
SEED: 42
EPOCHS: 5
BATCH_SIZE: 32
OPTIMIZER: Adam
LR_SCHEDULER: linear
WARM_UP_RATIO: 0.1
================== MAT Training ==================
ADV_INIT_TYPE: randn
ADV_INIT_EPSILON: 1e-05
ADV_MAX_NORM: 1e-05
SAMPLING_TIMES_THETA: 10
SAMPLING_TIMES_DELTA: 5
SAMPLING_STEP_THETA: 1e-05
SAMPLING_STEP_DELTA: 0.001
SAMPLING_NOISE_RATIO: 0.1
LAMBDA: 3.0
BETA_S: 0.3
BETA_P: 0.3
EVAL_TIMES: 10
**************************************************
-------------------- EPOCH: 1 --------------------
Iteration: 210 Metric: {'accuracy': 0.8956422018348624}
--------------------------------------------------
Iteration: 420 Metric: {'accuracy': 0.9002293577981652}
--------------------------------------------------
Iteration: 630 Metric: {'accuracy': 0.9059633027522935}
--------------------------------------------------
Iteration: 840 Metric: {'accuracy': 0.908256880733945}
--------------------------------------------------
Iteration: 1050 Metric: {'accuracy': 0.9208715596330275}
--------------------------------------------------
Iteration: 1260 Metric: {'accuracy': 0.9243119266055045}
--------------------------------------------------
Iteration: 1470 Metric: {'accuracy': 0.9128440366972477}
--------------------------------------------------
Iteration: 1680 Metric: {'accuracy': 0.9197247706422018}
--------------------------------------------------
Iteration: 1890 Metric: {'accuracy': 0.9277522935779816}
--------------------------------------------------
Iteration: 2100 Metric: {'accuracy': 0.9105504587155964}
--------------------------------------------------
-------------------- EPOCH: 2 --------------------
Iteration: 2310 Metric: {'accuracy': 0.9243119266055045}
--------------------------------------------------
Iteration: 2520 Metric: {'accuracy': 0.9151376146788991}
--------------------------------------------------
Iteration: 2730 Metric: {'accuracy': 0.930045871559633}
--------------------------------------------------
Iteration: 2940 Metric: {'accuracy': 0.9243119266055045}
--------------------------------------------------
Iteration: 3150 Metric: {'accuracy': 0.9220183486238532}
--------------------------------------------------
Iteration: 3360 Metric: {'accuracy': 0.9254587155963303}
--------------------------------------------------
Iteration: 3570 Metric: {'accuracy': 0.9254587155963303}
--------------------------------------------------
Iteration: 3780 Metric: {'accuracy': 0.9231651376146789}
--------------------------------------------------
Iteration: 3990 Metric: {'accuracy': 0.9185779816513762}
--------------------------------------------------
Iteration: 4200 Metric: {'accuracy': 0.9243119266055045}
--------------------------------------------------
-------------------- EPOCH: 3 --------------------
Iteration: 4410 Metric: {'accuracy': 0.9311926605504587}
--------------------------------------------------
Iteration: 4620 Metric: {'accuracy': 0.9243119266055045}
--------------------------------------------------
Iteration: 4830 Metric: {'accuracy': 0.9288990825688074}
--------------------------------------------------
Iteration: 5040 Metric: {'accuracy': 0.930045871559633}
--------------------------------------------------
Iteration: 5250 Metric: {'accuracy': 0.9323394495412844}
--------------------------------------------------
Iteration: 5460 Metric: {'accuracy': 0.9323394495412844}
--------------------------------------------------
Iteration: 5670 Metric: {'accuracy': 0.9277522935779816}
--------------------------------------------------
Iteration: 5880 Metric: {'accuracy': 0.926605504587156}
--------------------------------------------------
Iteration: 6090 Metric: {'accuracy': 0.930045871559633}
--------------------------------------------------
Iteration: 6300 Metric: {'accuracy': 0.930045871559633}
--------------------------------------------------
-------------------- EPOCH: 4 --------------------
Iteration: 6510 Metric: {'accuracy': 0.9254587155963303}
--------------------------------------------------
Iteration: 6720 Metric: {'accuracy': 0.9357798165137615}
--------------------------------------------------
Iteration: 6930 Metric: {'accuracy': 0.930045871559633}
--------------------------------------------------
Iteration: 7140 Metric: {'accuracy': 0.9334862385321101}
--------------------------------------------------
Iteration: 7350 Metric: {'accuracy': 0.9334862385321101}
--------------------------------------------------
Iteration: 7560 Metric: {'accuracy': 0.9288990825688074}
--------------------------------------------------
Iteration: 7770 Metric: {'accuracy': 0.9334862385321101}
--------------------------------------------------
Iteration: 7980 Metric: {'accuracy': 0.9346330275229358}
--------------------------------------------------
Iteration: 8190 Metric: {'accuracy': 0.9288990825688074}
--------------------------------------------------
Iteration: 8400 Metric: {'accuracy': 0.9334862385321101}
--------------------------------------------------
-------------------- EPOCH: 5 --------------------
Iteration: 8610 Metric: {'accuracy': 0.9369266055045872}
--------------------------------------------------
Iteration: 8820 Metric: {'accuracy': 0.9380733944954128}
--------------------------------------------------
Iteration: 9030 Metric: {'accuracy': 0.930045871559633}
--------------------------------------------------
Iteration: 9240 Metric: {'accuracy': 0.9369266055045872}
--------------------------------------------------
Iteration: 9450 Metric: {'accuracy': 0.9323394495412844}
--------------------------------------------------
Iteration: 9660 Metric: {'accuracy': 0.9334862385321101}
--------------------------------------------------
Iteration: 9870 Metric: {'accuracy': 0.9323394495412844}
--------------------------------------------------
Iteration: 10080 Metric: {'accuracy': 0.9334862385321101}
--------------------------------------------------
Iteration: 10290 Metric: {'accuracy': 0.9311926605504587}
--------------------------------------------------
Iteration: 10500 Metric: {'accuracy': 0.9323394495412844}
--------------------------------------------------
******************* Best Score *******************
Best Metric: {'accuracy': 0.9380733944954128}
**************************************************
